2014-04-14 07:06:48,644 [15] INFO  Service  select a.ID,a.Name 'Name' ,b.ProjectName 'ProjectName',PlannedDate,a.ScheduledTime,a.Duration,  a.DurationMessure,a.DurationDisplay,a.Leverage,a.Reason,a.Priority,a.userID  from Task a , Project b , userprojects c  where Date(PlannedDate)= curdate()  and c.ID = a.UserProjectID  and b.ProjectID = c.ProjectID 
2014-04-14 07:08:20,560 [18] DEBUG Service  select a.ID,a.Name 'Name' ,b.ProjectName 'ProjectName',PlannedDate,a.ScheduledTime,a.Duration,  a.DurationMessure,a.DurationDisplay,a.Leverage,a.Reason,a.Priority,a.userID  from Task a , Project b , userprojects c  where Date(PlannedDate)= curdate()  and c.ID = a.UserProjectID  and b.ProjectID = c.ProjectID 
2014-04-14 07:13:27,191 [11] DEBUG Service  select a.ID,a.Name 'Name' ,b.ProjectName 'ProjectName',PlannedDate,a.ScheduledTime,a.Duration,  a.DurationMessure,a.DurationDisplay,a.Leverage,a.Reason,a.Priority,a.userID  from Task a , Project b , userprojects c  where Date(PlannedDate)= curdate()  and c.ID = a.UserProjectID  and b.ProjectID = c.ProjectID 
2014-04-14 07:13:32,005 [14] DEBUG Service Insert into Task (Name,UserProjectID,PlannedDate,ScheduledTime,Duration,DurationMessure, DurationDisplay,Leverage,Reason,Priority,userID) values 'asdfasdfasd  asdf','1 ','4/14/2014 5:30:00 AM ','00:00-00:00 ','0 ','h',' ',' ',' ',' ','1 ') 
2014-04-14 07:52:07,519 [11] DEBUG Service  select a.ID,a.Name 'Name' ,b.ProjectName 'ProjectName',PlannedDate,a.ScheduledTime,a.Duration,  a.DurationMessure,a.DurationDisplay,a.Leverage,a.Reason,a.Priority,a.userID  from Task a , Project b , userprojects c  where Date(PlannedDate)= curdate()  and c.ID = a.UserProjectID  and b.ProjectID = c.ProjectID 
2014-04-14 07:52:18,797 [14] DEBUG Service Insert into Task (Name,UserProjectID,PlannedDate,ScheduledTime,Duration,DurationMessure, DurationDisplay,Leverage,Reason,Priority,userID) values 'zxczxcv asdsdf','2 ','4/14/2014 5:30:00 AM ','00:00-00:00 ','0 ','h',' ',' ',' ',' ','1 ') 
2014-04-14 07:53:27,462 [8] DEBUG Service  select a.ID,a.Name 'Name' ,b.ProjectName 'ProjectName',PlannedDate,a.ScheduledTime,a.Duration,  a.DurationMessure,a.DurationDisplay,a.Leverage,a.Reason,a.Priority,a.userID  from Task a , Project b , userprojects c  where Date(PlannedDate)= curdate()  and c.ID = a.UserProjectID  and b.ProjectID = c.ProjectID 
2014-04-14 07:53:43,335 [8] DEBUG Service Insert into Task (Name,UserProjectID,PlannedDate,ScheduledTime,Duration,DurationMessure, DurationDisplay,Leverage,Reason,Priority,userID) values 'Test Salasma Saving','1 ','4/14/2014 5:30:00 AM ','00:00-00:00 ','0 ','h',' ',' ',' ',' ','1 ') 
2014-04-14 07:53:43,336 [8] DEBUG Service {Server Error Code=1064}
2014-04-14 08:15:29,495 [8] DEBUG Service  select a.ID,a.Name 'Name' ,b.ProjectName 'ProjectName',PlannedDate,a.ScheduledTime,a.Duration,  a.DurationMessure,a.DurationDisplay,a.Leverage,a.Reason,a.Priority,a.userID  from Task a , Project b , userprojects c  where Date(PlannedDate)= curdate()  and c.ID = a.UserProjectID  and b.ProjectID = c.ProjectID 
2014-04-14 08:15:44,992 [14] DEBUG Service Insert into Task (Name,UserProjectID,PlannedDate,ScheduledTime,Duration,DurationMessure, DurationDisplay,Leverage,Reason,Priority,userID) values '(Finsih Saving of Tasks','3 ','4/14/2014 5:30:00 AM ','00:00-00:00 ','0 ','h',' ',' ',' ',' ','1') 
2014-04-14 08:15:44,993 [14] DEBUG Service {Server Error Code=1064}
2014-04-14 08:16:36,578 [14] DEBUG Service  select a.ID,a.Name 'Name' ,b.ProjectName 'ProjectName',PlannedDate,a.ScheduledTime,a.Duration,  a.DurationMessure,a.DurationDisplay,a.Leverage,a.Reason,a.Priority,a.userID  from Task a , Project b , userprojects c  where Date(PlannedDate)= curdate()  and c.ID = a.UserProjectID  and b.ProjectID = c.ProjectID 
2014-04-14 08:16:49,758 [8] DEBUG Service Insert into Task (Name,UserProjectID,PlannedDate,ScheduledTime,Duration,DurationMessure, DurationDisplay,Leverage,Reason,Priority,userID) values ('Finish saving of Tasks','3 ','4/14/2014 5:30:00 AM ','00:00-00:00 ','0 ','h',' ',' ',' ',' ','1') 
2014-04-14 08:16:49,780 [8] DEBUG Service {Server Error Code=1364}
2014-04-14 08:20:51,934 [8] DEBUG Service  select a.ID,a.Name 'Name' ,b.ProjectName 'ProjectName',PlannedDate,a.ScheduledTime,a.Duration,  a.DurationMessure,a.DurationDisplay,a.Leverage,a.Reason,a.Priority,a.userID  from Task a , Project b , userprojects c  where Date(PlannedDate)= curdate()  and c.ID = a.UserProjectID  and b.ProjectID = c.ProjectID 
2014-04-14 08:21:05,729 [8] DEBUG Service Insert into Task (`Name`,`UserProjectID`,`PlannedDate`,`ScheduledTime`,`Duration`,`DurationMessure`, `DurationDisplay`,`Leverage`,`Reason`,`Priority`,`userID`) values ('Finish Task Saving','3 ','4/14/2014 5:30:00 AM ','00:00-00:00 ','0 ','h',' ',' ',' ',' ','1') 
2014-04-14 08:21:05,730 [8] DEBUG Service {Server Error Code=1364}
2014-04-14 08:24:16,472 [11] DEBUG Service  select a.ID,a.Name 'Name' ,b.ProjectName 'ProjectName',PlannedDate,a.ScheduledTime,a.Duration,  a.DurationMessure,a.DurationDisplay,a.Leverage,a.Reason,a.Priority,a.userID  from Task a , Project b , userprojects c  where Date(PlannedDate)= curdate()  and c.ID = a.UserProjectID  and b.ProjectID = c.ProjectID 
2014-04-14 08:24:29,648 [14] DEBUG Service Insert into Task (`Name`,`UserProjectID`,`PlannedDate`,`ScheduledTime`,`Duration`,`DurationMessure`, `DurationDisplay`,`Leverage`,`Reason`,`Priority`,`userID`) values ('Save Task in Salasma','3 ','4/14/2014 5:30:00 AM ','00:00-00:00 ','0 ','h',' ',' ',' ',' ','1') 
2014-04-14 08:24:29,649 [14] DEBUG Service {Server Error Code=1292}
2014-04-14 08:44:03,905 [15] DEBUG Service  select a.ID,a.Name 'Name' ,b.ProjectName 'ProjectName',PlannedDate,a.ScheduledTime,a.Duration,  a.DurationMessure,a.DurationDisplay,a.Leverage,a.Reason,a.Priority,a.userID  from Task a , Project b , userprojects c  where Date(PlannedDate)= curdate()  and c.ID = a.UserProjectID  and b.ProjectID = c.ProjectID 
2014-04-14 08:44:13,693 [14] DEBUG Service {}
2014-04-14 08:48:12,053 [15] DEBUG Service  select a.ID,a.Name 'Name' ,b.ProjectName 'ProjectName',PlannedDate,a.ScheduledTime,a.Duration,  a.DurationMessure,a.DurationDisplay,a.Leverage,a.Reason,a.Priority,a.userID  from Task a , Project b , userprojects c  where Date(PlannedDate)= curdate()  and c.ID = a.UserProjectID  and b.ProjectID = c.ProjectID 
2014-04-14 08:48:17,804 [13] DEBUG Service Insert into Task (`Name`,`UserProjectID`,`PlannedDate`,`ScheduledTime`,`Duration`,`DurationMessure`, `DurationDisplay`,`Leverage`,`Reason`,`Priority`,`userID`) values ('Test','1 ','2014-04-14 05:30:00 ','00:00-00:00 ','0 ','h',' ',' ',' ',' ','1') 
2014-04-14 08:48:17,804 [13] DEBUG Service 1
2014-04-14 08:49:17,188 [13] DEBUG Service  select a.ID,a.Name 'Name' ,b.ProjectName 'ProjectName',PlannedDate,a.ScheduledTime,a.Duration,  a.DurationMessure,a.DurationDisplay,a.Leverage,a.Reason,a.Priority,a.userID  from Task a , Project b , userprojects c  where Date(PlannedDate)= curdate()  and c.ID = a.UserProjectID  and b.ProjectID = c.ProjectID 
2014-04-14 08:49:29,060 [20] DEBUG Service Insert into Task (`Name`,`UserProjectID`,`PlannedDate`,`ScheduledTime`,`Duration`,`DurationMessure`, `DurationDisplay`,`Leverage`,`Reason`,`Priority`,`userID`) values ('This is a Test','2 ','2014-04-14 05:30:00 ','00:00-00:00 ','0 ','h',' ',' ',' ',' ','1') 
2014-04-14 08:49:29,060 [20] DEBUG Service 1
2014-04-14 08:51:46,175 [15] DEBUG Service Insert into Task (`Name`,`UserProjectID`,`PlannedDate`,`ScheduledTime`,`Duration`,`DurationMessure`, `DurationDisplay`,`Leverage`,`Reason`,`Priority`,`userID`) values ('This is a Test','2 ','2014-04-14 05:30:00 ','00:00-00:00 ','0 ','h',' ',' ',' ',' ','1') 
2014-04-14 08:51:46,175 [15] DEBUG Service 1
2014-04-14 08:55:33,978 [13] DEBUG Service  select a.ID,a.Name 'Name' ,b.ProjectName 'ProjectName',PlannedDate,a.ScheduledTime,a.Duration,  a.DurationMessure,a.DurationDisplay,a.Leverage,a.Reason,a.Priority,a.userID  from Task a , Project b , userprojects c  where Date(PlannedDate)= curdate()  and c.ID = a.UserProjectID  and b.ProjectID = c.ProjectID 
2014-04-14 08:55:38,437 [18] DEBUG Service  select a.ID,a.Name 'Name' ,b.ProjectName 'ProjectName',PlannedDate,a.ScheduledTime,a.Duration,  a.DurationMessure,a.DurationDisplay,a.Leverage,a.Reason,a.Priority,a.userID  from Task a , Project b , userprojects c  where Date(PlannedDate)= curdate()  and c.ID = a.UserProjectID  and b.ProjectID = c.ProjectID 
2014-04-14 08:55:54,046 [18] DEBUG Service Insert into Task (`Name`,`UserProjectID`,`PlannedDate`,`ScheduledTime`,`Duration`,`DurationMessure`, `DurationDisplay`,`Leverage`,`Reason`,`Priority`,`userID`) values ('Add Data to Server','1 ','2014-04-14 05:30:00 ','00:00-00:00 ','0 ','h',' ',' ',' ',' ','1') 
2014-04-14 08:55:54,049 [18] DEBUG Service 1
2014-04-14 08:58:06,819 [20] DEBUG Service  select a.ID,a.Name 'Name' ,b.ProjectName 'ProjectName',PlannedDate,a.ScheduledTime,a.Duration,  a.DurationMessure,a.DurationDisplay,a.Leverage,a.Reason,a.Priority,a.userID  from Task a , Project b , userprojects c  where Date(PlannedDate)= curdate()  and c.ID = a.UserProjectID  and b.ProjectID = c.ProjectID 
2014-04-14 08:58:25,821 [20] DEBUG Service  select a.ID,a.Name 'Name' ,b.ProjectName 'ProjectName',PlannedDate,a.ScheduledTime,a.Duration,  a.DurationMessure,a.DurationDisplay,a.Leverage,a.Reason,a.Priority,a.userID  from Task a , Project b , userprojects c  where Date(PlannedDate)= curdate()  and c.ID = a.UserProjectID  and b.ProjectID = c.ProjectID 
2014-04-14 09:07:47,110 [13] DEBUG Service  select a.ID,a.Name 'Name' ,b.ProjectName 'ProjectName',PlannedDate,a.ScheduledTime,a.Duration,  a.DurationMessure,a.DurationDisplay,a.Leverage,a.Reason,a.Priority,a.userID  from Task a , Project b , userprojects c  where Date(PlannedDate)= curdate()  and c.ID = a.UserProjectID  and b.ProjectID = c.ProjectID 
2014-04-14 09:07:56,599 [13] DEBUG Service Insert into Task (`Name`,`UserProjectID`,`PlannedDate`,`ScheduledTime`,`Duration`,`DurationMessure`, `DurationDisplay`,`Leverage`,`Reason`,`Priority`,`userID`) values ('Testing','3 ','2014-04-14 05:30:00 ','00:00-00:00 ','0 ','h',' ',' ',' ',' ','1') 
2014-04-14 09:07:56,601 [13] DEBUG Service 1
2014-04-14 09:08:35,163 [3] DEBUG Service  select a.ID,a.Name 'Name' ,b.ProjectName 'ProjectName',PlannedDate,a.ScheduledTime,a.Duration,  a.DurationMessure,a.DurationDisplay,a.Leverage,a.Reason,a.Priority,a.userID  from Task a , Project b , userprojects c  where Date(PlannedDate)= curdate()  and c.ID = a.UserProjectID  and b.ProjectID = c.ProjectID 
2014-04-14 09:08:39,886 [13] DEBUG Service Insert into Task (`Name`,`UserProjectID`,`PlannedDate`,`ScheduledTime`,`Duration`,`DurationMessure`, `DurationDisplay`,`Leverage`,`Reason`,`Priority`,`userID`) values ('ttt','1 ','2014-04-14 05:30:00 ','00:00-00:00 ','0 ','h',' ',' ',' ',' ','1') 
2014-04-14 09:08:39,888 [13] DEBUG Service 1
2014-04-14 09:09:47,216 [13] DEBUG Service  select a.ID,a.Name 'Name' ,b.ProjectName 'ProjectName',PlannedDate,a.ScheduledTime,a.Duration,  a.DurationMessure,a.DurationDisplay,a.Leverage,a.Reason,a.Priority,a.userID  from Task a , Project b , userprojects c  where Date(PlannedDate)= curdate()  and c.ID = a.UserProjectID  and b.ProjectID = c.ProjectID 
2014-04-14 09:09:50,968 [3] DEBUG Service Insert into Task (`Name`,`UserProjectID`,`PlannedDate`,`ScheduledTime`,`Duration`,`DurationMessure`, `DurationDisplay`,`Leverage`,`Reason`,`Priority`,`userID`) values ('Add a Task','1 ','2014-04-14 05:30:00 ','00:00-00:00 ','0 ','h',' ',' ',' ',' ','1') 
2014-04-14 09:09:50,972 [3] DEBUG Service 1
2014-04-14 09:10:10,126 [19] DEBUG Service  select a.ID,a.Name 'Name' ,b.ProjectName 'ProjectName',PlannedDate,a.ScheduledTime,a.Duration,  a.DurationMessure,a.DurationDisplay,a.Leverage,a.Reason,a.Priority,a.userID  from Task a , Project b , userprojects c  where Date(PlannedDate)= curdate()  and c.ID = a.UserProjectID  and b.ProjectID = c.ProjectID 
2014-04-14 09:10:19,397 [3] DEBUG Service  select a.ID,a.Name 'Name' ,b.ProjectName 'ProjectName',PlannedDate,a.ScheduledTime,a.Duration,  a.DurationMessure,a.DurationDisplay,a.Leverage,a.Reason,a.Priority,a.userID  from Task a , Project b , userprojects c  where Date(PlannedDate)= curdate()  and c.ID = a.UserProjectID  and b.ProjectID = c.ProjectID 
2014-04-14 09:11:38,450 [20] DEBUG Service  select a.ID,a.Name 'Name' ,b.ProjectName 'ProjectName',PlannedDate,a.ScheduledTime,a.Duration,  a.DurationMessure,a.DurationDisplay,a.Leverage,a.Reason,a.Priority,a.userID  from Task a , Project b , userprojects c  where Date(PlannedDate)= curdate()  and c.ID = a.UserProjectID  and b.ProjectID = c.ProjectID 
2014-04-14 09:11:41,668 [20] DEBUG Service Insert into Task (`Name`,`UserProjectID`,`PlannedDate`,`ScheduledTime`,`Duration`,`DurationMessure`, `DurationDisplay`,`Leverage`,`Reason`,`Priority`,`userID`) values ('Add a Task','1 ','2014-04-14 05:30:00 ','00:00-00:00 ','0 ','h',' ',' ',' ',' ','1') 
2014-04-14 09:11:41,669 [20] DEBUG Service 1
2014-04-14 09:11:48,806 [13] DEBUG Service Insert into Task (`Name`,`UserProjectID`,`PlannedDate`,`ScheduledTime`,`Duration`,`DurationMessure`, `DurationDisplay`,`Leverage`,`Reason`,`Priority`,`userID`) values ('Add a Task','1 ','2014-04-14 05:30:00 ','00:00-00:00 ','0 ','h',' ',' ',' ',' ','1') 
2014-04-14 09:11:48,808 [13] DEBUG Service 1
2014-04-14 09:16:05,974 [13] DEBUG Service  select a.ID,a.Name 'Name' ,b.ProjectName 'ProjectName',PlannedDate,a.ScheduledTime,a.Duration,  a.DurationMessure,a.DurationDisplay,a.Leverage,a.Reason,a.Priority,a.userID  from Task a , Project b , userprojects c  where Date(PlannedDate)= curdate()  and c.ID = a.UserProjectID  and b.ProjectID = c.ProjectID 
2014-04-14 09:22:20,092 [20] DEBUG Service  select a.ID,a.Name 'Name' ,b.ProjectName 'ProjectName',PlannedDate,a.ScheduledTime,a.Duration,  a.DurationMessure,a.DurationDisplay,a.Leverage,a.Reason,a.Priority,a.userID  from Task a , Project b , userprojects c  where Date(PlannedDate)= curdate()  and c.ID = a.UserProjectID  and b.ProjectID = c.ProjectID 
2014-04-14 09:22:24,530 [3] DEBUG Service  select a.ID,a.Name 'Name' ,b.ProjectName 'ProjectName',PlannedDate,a.ScheduledTime,a.Duration,  a.DurationMessure,a.DurationDisplay,a.Leverage,a.Reason,a.Priority,a.userID  from Task a , Project b , userprojects c  where Date(PlannedDate)= curdate()  and c.ID = a.UserProjectID  and b.ProjectID = c.ProjectID 
2014-04-14 09:22:29,570 [13] DEBUG Service Insert into Task (`Name`,`UserProjectID`,`PlannedDate`,`ScheduledTime`,`Duration`,`DurationMessure`, `DurationDisplay`,`Leverage`,`Reason`,`Priority`,`userID`) values ('Add a Task','1 ','2014-04-14 05:30:00 ','00:00-00:00 ','0 ','h',' ',' ',' ',' ','1') 
2014-04-14 09:22:29,610 [13] DEBUG Service 1
2014-04-14 09:23:27,794 [20] DEBUG Service  select a.ID,a.Name 'Name' ,b.ProjectName 'ProjectName',PlannedDate,a.ScheduledTime,a.Duration,  a.DurationMessure,a.DurationDisplay,a.Leverage,a.Reason,a.Priority,a.userID  from Task a , Project b , userprojects c  where Date(PlannedDate)= curdate()  and c.ID = a.UserProjectID  and b.ProjectID = c.ProjectID 
2014-04-14 09:23:29,448 [19] DEBUG Service  select a.ID,a.Name 'Name' ,b.ProjectName 'ProjectName',PlannedDate,a.ScheduledTime,a.Duration,  a.DurationMessure,a.DurationDisplay,a.Leverage,a.Reason,a.Priority,a.userID  from Task a , Project b , userprojects c  where Date(PlannedDate)= curdate()  and c.ID = a.UserProjectID  and b.ProjectID = c.ProjectID 
2014-04-14 09:23:32,603 [3] DEBUG Service  select a.ID,a.Name 'Name' ,b.ProjectName 'ProjectName',PlannedDate,a.ScheduledTime,a.Duration,  a.DurationMessure,a.DurationDisplay,a.Leverage,a.Reason,a.Priority,a.userID  from Task a , Project b , userprojects c  where Date(PlannedDate)= curdate()  and c.ID = a.UserProjectID  and b.ProjectID = c.ProjectID 
2014-04-14 09:23:35,577 [20] DEBUG Service Insert into Task (`Name`,`UserProjectID`,`PlannedDate`,`ScheduledTime`,`Duration`,`DurationMessure`, `DurationDisplay`,`Leverage`,`Reason`,`Priority`,`userID`) values ('Add a Task','1 ','2014-04-14 05:30:00 ','00:00-00:00 ','0 ','h',' ',' ',' ',' ','1') 
2014-04-14 09:23:35,578 [20] DEBUG Service 1
2014-04-14 09:23:46,502 [19] DEBUG Service Insert into Task (`Name`,`UserProjectID`,`PlannedDate`,`ScheduledTime`,`Duration`,`DurationMessure`, `DurationDisplay`,`Leverage`,`Reason`,`Priority`,`userID`) values ('Testing','1 ','2014-04-14 05:30:00 ','00:00-00:00 ','0 ','h',' ',' ',' ',' ','1') 
2014-04-14 09:23:46,504 [19] DEBUG Service 1
2014-04-14 09:23:49,506 [19] DEBUG Service  select a.ID,a.Name 'Name' ,b.ProjectName 'ProjectName',PlannedDate,a.ScheduledTime,a.Duration,  a.DurationMessure,a.DurationDisplay,a.Leverage,a.Reason,a.Priority,a.userID  from Task a , Project b , userprojects c  where Date(PlannedDate)= curdate()  and c.ID = a.UserProjectID  and b.ProjectID = c.ProjectID 
2014-04-14 09:25:55,529 [20] DEBUG Service  select a.ID,a.Name 'Name' ,b.ProjectName 'ProjectName',PlannedDate,a.ScheduledTime,a.Duration,  a.DurationMessure,a.DurationDisplay,a.Leverage,a.Reason,a.Priority,a.userID  from Task a , Project b , userprojects c  where Date(PlannedDate)= curdate()  and c.ID = a.UserProjectID  and b.ProjectID = c.ProjectID 
2014-04-14 09:26:33,442 [19] DEBUG Service Insert into Task (`Name`,`UserProjectID`,`PlannedDate`,`ScheduledTime`,`Duration`,`DurationMessure`, `DurationDisplay`,`Leverage`,`Reason`,`Priority`,`userID`) values ('Finish Task Saving part with Exceptions','3 ','2014-04-15 05:30:00 ','00:00-00:00 ','0 ','h',' ',' ',' ',' ','1') 
2014-04-14 09:26:33,444 [19] DEBUG Service 1
2014-04-14 09:28:05,048 [13] DEBUG Service Insert into Task (`Name`,`UserProjectID`,`PlannedDate`,`ScheduledTime`,`Duration`,`DurationMessure`, `DurationDisplay`,`Leverage`,`Reason`,`Priority`,`userID`) values ('Finish Task Saving part with Exceptions','3 ','2014-04-15 00:00:00 ','00:00-00:00 ','0 ','h',' ',' ',' ',' ','1') 
2014-04-14 09:28:05,062 [13] DEBUG Service 1
2014-04-14 09:28:55,365 [13] DEBUG Service  select a.ID,a.Name 'Name' ,b.ProjectName 'ProjectName',PlannedDate,a.ScheduledTime,a.Duration,  a.DurationMessure,a.DurationDisplay,a.Leverage,a.Reason,a.Priority,a.userID  from Task a , Project b , userprojects c  where Date(PlannedDate)= curdate()  and c.ID = a.UserProjectID  and b.ProjectID = c.ProjectID 
2014-04-14 09:28:57,184 [3] DEBUG Service  select a.ID,a.Name 'Name' ,b.ProjectName 'ProjectName',PlannedDate,a.ScheduledTime,a.Duration,  a.DurationMessure,a.DurationDisplay,a.Leverage,a.Reason,a.Priority,a.userID  from Task a , Project b , userprojects c  where Date(PlannedDate)= curdate()  and c.ID = a.UserProjectID  and b.ProjectID = c.ProjectID 
2014-04-14 09:29:05,035 [20] DEBUG Service  select a.ID,a.Name 'Name' ,b.ProjectName 'ProjectName',PlannedDate,a.ScheduledTime,a.Duration,  a.DurationMessure,a.DurationDisplay,a.Leverage,a.Reason,a.Priority,a.userID  from Task a , Project b , userprojects c  where Date(PlannedDate)= curdate()  and c.ID = a.UserProjectID  and b.ProjectID = c.ProjectID 
2014-04-14 09:29:06,518 [3] DEBUG Service  select a.ID,a.Name 'Name' ,b.ProjectName 'ProjectName',PlannedDate,a.ScheduledTime,a.Duration,  a.DurationMessure,a.DurationDisplay,a.Leverage,a.Reason,a.Priority,a.userID  from Task a , Project b , userprojects c  where Date(PlannedDate)= curdate()  and c.ID = a.UserProjectID  and b.ProjectID = c.ProjectID 
2014-04-14 09:29:22,182 [20] DEBUG Service  select a.ID,a.Name 'Name' ,b.ProjectName 'ProjectName',PlannedDate,a.ScheduledTime,a.Duration,  a.DurationMessure,a.DurationDisplay,a.Leverage,a.Reason,a.Priority,a.userID  from Task a , Project b , userprojects c  where Date(PlannedDate)= curdate()  and c.ID = a.UserProjectID  and b.ProjectID = c.ProjectID 
2014-04-14 09:30:27,801 [13] DEBUG Service Insert into Task (`Name`,`UserProjectID`,`PlannedDate`,`ScheduledTime`,`Duration`,`DurationMessure`, `DurationDisplay`,`Leverage`,`Reason`,`Priority`,`userID`) values ('Add a Task','1 ','2014-04-15 00:00:00 ','00:00-00:00 ','0 ','h',' ',' ',' ',' ','1') 
2014-04-14 09:30:27,802 [13] DEBUG Service 1
2014-04-14 09:31:30,645 [13] DEBUG Service Insert into Task (`Name`,`UserProjectID`,`PlannedDate`,`ScheduledTime`,`Duration`,`DurationMessure`, `DurationDisplay`,`Leverage`,`Reason`,`Priority`,`userID`) values ('sdf"asd f" sadfas'asd fasd''a sdf3#s asdfasd','1 ','2014-04-15 00:00:00 ','00:00-00:00 ','0 ','h',' ',' ',' ',' ','1') 
2014-04-14 09:31:30,648 [13] DEBUG Service Test data...System.Collections.ListDictionaryInternal
2014-04-14 22:52:11,314 [3] DEBUG Service  select a.ID,a.Name 'Name' ,b.ProjectName 'ProjectName',PlannedDate,a.ScheduledTime,a.Duration,  a.DurationMessure,a.DurationDisplay,a.Leverage,a.Reason,a.Priority,a.userID  from Task a , Project b , userprojects c  where Date(PlannedDate)= curdate()  and c.ID = a.UserProjectID  and b.ProjectID = c.ProjectID 
2014-04-14 22:54:24,828 [8] DEBUG Service  select a.ID,a.Name 'Name' ,b.ProjectName 'ProjectName',PlannedDate,a.ScheduledTime,a.Duration,  a.DurationMessure,a.DurationDisplay,a.Leverage,a.Reason,a.Priority,a.userID  from Task a , Project b , userprojects c  where Date(PlannedDate)= curdate()  and c.ID = a.UserProjectID  and b.ProjectID = c.ProjectID 
2014-04-14 22:56:44,993 [8] DEBUG Service  select a.ID,a.Name 'Name' ,b.ProjectName 'ProjectName',PlannedDate,a.ScheduledTime,a.Duration,  a.DurationMessure,a.DurationDisplay,a.Leverage,a.Reason,a.Priority,a.userID  from Task a , Project b , userprojects c  where Date(PlannedDate)= curdate()  and c.ID = a.UserProjectID  and b.ProjectID = c.ProjectID 
2014-04-14 23:05:39,831 [11] DEBUG Service  select a.ID,a.Name 'Name' ,b.ProjectName 'ProjectName',PlannedDate,a.ScheduledTime,a.Duration,  a.DurationMessure,a.DurationDisplay,a.Leverage,a.Reason,a.Priority,a.userID  from Task a , Project b , userprojects c  where Date(PlannedDate) =  Date('2014-04-24')  and c.ID = a.UserProjectID  and b.ProjectID = c.ProjectID 
2014-04-14 23:08:45,584 [16] DEBUG Service  select a.ID,a.Name 'Name' ,b.ProjectName 'ProjectName',PlannedDate,a.ScheduledTime,a.Duration,  a.DurationMessure,a.DurationDisplay,a.Leverage,a.Reason,a.Priority,a.userID  from Task a , Project b , userprojects c  where Date(PlannedDate) =  Date('2014-04-24')  and c.ID = a.UserProjectID  and b.ProjectID = c.ProjectID 
2014-04-14 23:09:06,126 [17] DEBUG Service Insert into Task (`Name`,`UserProjectID`,`PlannedDate`,`ScheduledTime`,`Duration`,`DurationMessure`, `DurationDisplay`,`Leverage`,`Reason`,`Priority`,`userID`) values ('Test Task 2','1 ','2014-04-24 00:00:00 ','00:00-00:00 ','0 ','h',' ',' ',' ',' ','1') 
2014-04-14 23:09:06,131 [17] DEBUG Service 1
2014-04-14 23:09:14,214 [16] DEBUG Service  select a.ID,a.Name 'Name' ,b.ProjectName 'ProjectName',PlannedDate,a.ScheduledTime,a.Duration,  a.DurationMessure,a.DurationDisplay,a.Leverage,a.Reason,a.Priority,a.userID  from Task a , Project b , userprojects c  where Date(PlannedDate) =  Date('2014-04-24')  and c.ID = a.UserProjectID  and b.ProjectID = c.ProjectID 
2014-04-14 23:09:24,227 [14] DEBUG Service  select a.ID,a.Name 'Name' ,b.ProjectName 'ProjectName',PlannedDate,a.ScheduledTime,a.Duration,  a.DurationMessure,a.DurationDisplay,a.Leverage,a.Reason,a.Priority,a.userID  from Task a , Project b , userprojects c  where Date(PlannedDate)= curdate()  and c.ID = a.UserProjectID  and b.ProjectID = c.ProjectID 
2014-04-14 23:10:56,140 [16] DEBUG Service  select a.ID,a.Name 'Name' ,b.ProjectName 'ProjectName',PlannedDate,a.ScheduledTime,a.Duration,  a.DurationMessure,a.DurationDisplay,a.Leverage,a.Reason,a.Priority,a.userID  from Task a , Project b , userprojects c  where Date(PlannedDate) =  Date('2014-04-14')  and c.ID = a.UserProjectID  and b.ProjectID = c.ProjectID 
2014-04-14 23:11:07,160 [16] DEBUG Service Insert into Task (`Name`,`UserProjectID`,`PlannedDate`,`ScheduledTime`,`Duration`,`DurationMessure`, `DurationDisplay`,`Leverage`,`Reason`,`Priority`,`userID`) values ('My New Task','2 ','2014-04-14 00:00:00 ','00:00-00:00 ','0 ','h',' ',' ',' ',' ','1') 
2014-04-14 23:11:07,165 [16] DEBUG Service 1
2014-04-14 23:11:15,132 [14] DEBUG Service  select a.ID,a.Name 'Name' ,b.ProjectName 'ProjectName',PlannedDate,a.ScheduledTime,a.Duration,  a.DurationMessure,a.DurationDisplay,a.Leverage,a.Reason,a.Priority,a.userID  from Task a , Project b , userprojects c  where Date(PlannedDate)= curdate()  and c.ID = a.UserProjectID  and b.ProjectID = c.ProjectID 
2014-04-14 23:11:19,967 [17] DEBUG Service  select a.ID,a.Name 'Name' ,b.ProjectName 'ProjectName',PlannedDate,a.ScheduledTime,a.Duration,  a.DurationMessure,a.DurationDisplay,a.Leverage,a.Reason,a.Priority,a.userID  from Task a , Project b , userprojects c  where Date(PlannedDate) =  Date('2014-04-15')  and c.ID = a.UserProjectID  and b.ProjectID = c.ProjectID 
2014-04-14 23:11:20,012 [14] DEBUG Service  select a.ID,a.Name 'Name' ,b.ProjectName 'ProjectName',PlannedDate,a.ScheduledTime,a.Duration,  a.DurationMessure,a.DurationDisplay,a.Leverage,a.Reason,a.Priority,a.userID  from Task a , Project b , userprojects c  where Date(PlannedDate) =  Date('2014-04-15')  and c.ID = a.UserProjectID  and b.ProjectID = c.ProjectID 
2014-04-14 23:11:40,868 [14] DEBUG Service Insert into Task (`Name`,`UserProjectID`,`PlannedDate`,`ScheduledTime`,`Duration`,`DurationMessure`, `DurationDisplay`,`Leverage`,`Reason`,`Priority`,`userID`) values ('Tomorrow's new Task','3 ','2014-04-15 00:00:00 ','00:00-00:00 ','0 ','h',' ',' ',' ',' ','1') 
2014-04-14 23:11:40,868 [14] DEBUG Service Test data...System.Collections.ListDictionaryInternal
2014-04-14 23:11:44,728 [16] DEBUG Service  select a.ID,a.Name 'Name' ,b.ProjectName 'ProjectName',PlannedDate,a.ScheduledTime,a.Duration,  a.DurationMessure,a.DurationDisplay,a.Leverage,a.Reason,a.Priority,a.userID  from Task a , Project b , userprojects c  where Date(PlannedDate) =  Date('2014-04-16')  and c.ID = a.UserProjectID  and b.ProjectID = c.ProjectID 
2014-04-14 23:11:44,748 [12] DEBUG Service  select a.ID,a.Name 'Name' ,b.ProjectName 'ProjectName',PlannedDate,a.ScheduledTime,a.Duration,  a.DurationMessure,a.DurationDisplay,a.Leverage,a.Reason,a.Priority,a.userID  from Task a , Project b , userprojects c  where Date(PlannedDate) =  Date('2014-04-16')  and c.ID = a.UserProjectID  and b.ProjectID = c.ProjectID 
2014-04-14 23:14:36,701 [12] DEBUG Service  select a.ID,a.Name 'Name' ,b.ProjectName 'ProjectName',PlannedDate,a.ScheduledTime,a.Duration,  a.DurationMessure,a.DurationDisplay,a.Leverage,a.Reason,a.Priority,a.userID  from Task a , Project b , userprojects c  where Date(PlannedDate)= curdate()  and c.ID = a.UserProjectID  and b.ProjectID = c.ProjectID 
2014-04-14 23:14:39,003 [16] DEBUG Service  select a.ID,a.Name 'Name' ,b.ProjectName 'ProjectName',PlannedDate,a.ScheduledTime,a.Duration,  a.DurationMessure,a.DurationDisplay,a.Leverage,a.Reason,a.Priority,a.userID  from Task a , Project b , userprojects c  where Date(PlannedDate) =  Date('2014-04-15')  and c.ID = a.UserProjectID  and b.ProjectID = c.ProjectID 
2014-04-14 23:14:39,003 [14] DEBUG Service  select a.ID,a.Name 'Name' ,b.ProjectName 'ProjectName',PlannedDate,a.ScheduledTime,a.Duration,  a.DurationMessure,a.DurationDisplay,a.Leverage,a.Reason,a.Priority,a.userID  from Task a , Project b , userprojects c  where Date(PlannedDate) =  Date('2014-04-15')  and c.ID = a.UserProjectID  and b.ProjectID = c.ProjectID 
2014-04-14 23:14:41,770 [14] DEBUG Service  select a.ID,a.Name 'Name' ,b.ProjectName 'ProjectName',PlannedDate,a.ScheduledTime,a.Duration,  a.DurationMessure,a.DurationDisplay,a.Leverage,a.Reason,a.Priority,a.userID  from Task a , Project b , userprojects c  where Date(PlannedDate) =  Date('2014-04-16')  and c.ID = a.UserProjectID  and b.ProjectID = c.ProjectID 
2014-04-14 23:14:41,800 [14] DEBUG Service  select a.ID,a.Name 'Name' ,b.ProjectName 'ProjectName',PlannedDate,a.ScheduledTime,a.Duration,  a.DurationMessure,a.DurationDisplay,a.Leverage,a.Reason,a.Priority,a.userID  from Task a , Project b , userprojects c  where Date(PlannedDate) =  Date('2014-04-16')  and c.ID = a.UserProjectID  and b.ProjectID = c.ProjectID 
2014-04-14 23:14:43,110 [12] DEBUG Service  select a.ID,a.Name 'Name' ,b.ProjectName 'ProjectName',PlannedDate,a.ScheduledTime,a.Duration,  a.DurationMessure,a.DurationDisplay,a.Leverage,a.Reason,a.Priority,a.userID  from Task a , Project b , userprojects c  where Date(PlannedDate) =  Date('2014-04-15')  and c.ID = a.UserProjectID  and b.ProjectID = c.ProjectID 
2014-04-14 23:14:43,110 [14] DEBUG Service  select a.ID,a.Name 'Name' ,b.ProjectName 'ProjectName',PlannedDate,a.ScheduledTime,a.Duration,  a.DurationMessure,a.DurationDisplay,a.Leverage,a.Reason,a.Priority,a.userID  from Task a , Project b , userprojects c  where Date(PlannedDate) =  Date('2014-04-15')  and c.ID = a.UserProjectID  and b.ProjectID = c.ProjectID 
2014-04-14 23:14:45,473 [14] DEBUG Service  select a.ID,a.Name 'Name' ,b.ProjectName 'ProjectName',PlannedDate,a.ScheduledTime,a.Duration,  a.DurationMessure,a.DurationDisplay,a.Leverage,a.Reason,a.Priority,a.userID  from Task a , Project b , userprojects c  where Date(PlannedDate)= curdate()  and c.ID = a.UserProjectID  and b.ProjectID = c.ProjectID 
2014-04-14 23:14:50,350 [14] DEBUG Service  select a.ID,a.Name 'Name' ,b.ProjectName 'ProjectName',PlannedDate,a.ScheduledTime,a.Duration,  a.DurationMessure,a.DurationDisplay,a.Leverage,a.Reason,a.Priority,a.userID  from Task a , Project b , userprojects c  where Date(PlannedDate) =  Date('2014-04-15')  and c.ID = a.UserProjectID  and b.ProjectID = c.ProjectID 
2014-04-14 23:14:50,360 [12] DEBUG Service  select a.ID,a.Name 'Name' ,b.ProjectName 'ProjectName',PlannedDate,a.ScheduledTime,a.Duration,  a.DurationMessure,a.DurationDisplay,a.Leverage,a.Reason,a.Priority,a.userID  from Task a , Project b , userprojects c  where Date(PlannedDate) =  Date('2014-04-15')  and c.ID = a.UserProjectID  and b.ProjectID = c.ProjectID 
2014-04-14 23:15:10,927 [19] DEBUG Service  select a.ID,a.Name 'Name' ,b.ProjectName 'ProjectName',PlannedDate,a.ScheduledTime,a.Duration,  a.DurationMessure,a.DurationDisplay,a.Leverage,a.Reason,a.Priority,a.userID  from Task a , Project b , userprojects c  where Date(PlannedDate) =  Date('2014-04-15')  and c.ID = a.UserProjectID  and b.ProjectID = c.ProjectID 
2014-04-14 23:15:16,965 [10] DEBUG Service  select a.ID,a.Name 'Name' ,b.ProjectName 'ProjectName',PlannedDate,a.ScheduledTime,a.Duration,  a.DurationMessure,a.DurationDisplay,a.Leverage,a.Reason,a.Priority,a.userID  from Task a , Project b , userprojects c  where Date(PlannedDate) =  Date('2014-04-15')  and c.ID = a.UserProjectID  and b.ProjectID = c.ProjectID 
2014-04-14 23:15:17,015 [14] DEBUG Service  select a.ID,a.Name 'Name' ,b.ProjectName 'ProjectName',PlannedDate,a.ScheduledTime,a.Duration,  a.DurationMessure,a.DurationDisplay,a.Leverage,a.Reason,a.Priority,a.userID  from Task a , Project b , userprojects c  where Date(PlannedDate) =  Date('2014-04-15')  and c.ID = a.UserProjectID  and b.ProjectID = c.ProjectID 
2014-04-14 23:15:18,872 [19] DEBUG Service  select a.ID,a.Name 'Name' ,b.ProjectName 'ProjectName',PlannedDate,a.ScheduledTime,a.Duration,  a.DurationMessure,a.DurationDisplay,a.Leverage,a.Reason,a.Priority,a.userID  from Task a , Project b , userprojects c  where Date(PlannedDate) =  Date('2014-04-16')  and c.ID = a.UserProjectID  and b.ProjectID = c.ProjectID 
2014-04-14 23:15:18,877 [10] DEBUG Service  select a.ID,a.Name 'Name' ,b.ProjectName 'ProjectName',PlannedDate,a.ScheduledTime,a.Duration,  a.DurationMessure,a.DurationDisplay,a.Leverage,a.Reason,a.Priority,a.userID  from Task a , Project b , userprojects c  where Date(PlannedDate) =  Date('2014-04-16')  and c.ID = a.UserProjectID  and b.ProjectID = c.ProjectID 
2014-04-14 23:15:20,537 [10] DEBUG Service  select a.ID,a.Name 'Name' ,b.ProjectName 'ProjectName',PlannedDate,a.ScheduledTime,a.Duration,  a.DurationMessure,a.DurationDisplay,a.Leverage,a.Reason,a.Priority,a.userID  from Task a , Project b , userprojects c  where Date(PlannedDate) =  Date('2014-04-14')  and c.ID = a.UserProjectID  and b.ProjectID = c.ProjectID 
2014-04-14 23:15:20,537 [16] DEBUG Service  select a.ID,a.Name 'Name' ,b.ProjectName 'ProjectName',PlannedDate,a.ScheduledTime,a.Duration,  a.DurationMessure,a.DurationDisplay,a.Leverage,a.Reason,a.Priority,a.userID  from Task a , Project b , userprojects c  where Date(PlannedDate) =  Date('2014-04-14')  and c.ID = a.UserProjectID  and b.ProjectID = c.ProjectID 
2014-04-14 23:15:22,728 [12] DEBUG Service  select a.ID,a.Name 'Name' ,b.ProjectName 'ProjectName',PlannedDate,a.ScheduledTime,a.Duration,  a.DurationMessure,a.DurationDisplay,a.Leverage,a.Reason,a.Priority,a.userID  from Task a , Project b , userprojects c  where Date(PlannedDate) =  Date('2014-04-15')  and c.ID = a.UserProjectID  and b.ProjectID = c.ProjectID 
2014-04-14 23:15:22,733 [14] DEBUG Service  select a.ID,a.Name 'Name' ,b.ProjectName 'ProjectName',PlannedDate,a.ScheduledTime,a.Duration,  a.DurationMessure,a.DurationDisplay,a.Leverage,a.Reason,a.Priority,a.userID  from Task a , Project b , userprojects c  where Date(PlannedDate) =  Date('2014-04-15')  and c.ID = a.UserProjectID  and b.ProjectID = c.ProjectID 
2014-04-14 23:15:40,495 [16] DEBUG Service Insert into Task (`Name`,`UserProjectID`,`PlannedDate`,`ScheduledTime`,`Duration`,`DurationMessure`, `DurationDisplay`,`Leverage`,`Reason`,`Priority`,`userID`) values ('my new task for tomorrow','3 ','2014-04-15 00:00:00 ','00:00-00:00 ','0 ','h',' ',' ',' ',' ','1') 
2014-04-14 23:15:40,495 [16] DEBUG Service 1
2014-04-14 23:15:44,599 [10] DEBUG Service  select a.ID,a.Name 'Name' ,b.ProjectName 'ProjectName',PlannedDate,a.ScheduledTime,a.Duration,  a.DurationMessure,a.DurationDisplay,a.Leverage,a.Reason,a.Priority,a.userID  from Task a , Project b , userprojects c  where Date(PlannedDate) =  Date('2014-04-16')  and c.ID = a.UserProjectID  and b.ProjectID = c.ProjectID 
2014-04-14 23:15:44,619 [19] DEBUG Service  select a.ID,a.Name 'Name' ,b.ProjectName 'ProjectName',PlannedDate,a.ScheduledTime,a.Duration,  a.DurationMessure,a.DurationDisplay,a.Leverage,a.Reason,a.Priority,a.userID  from Task a , Project b , userprojects c  where Date(PlannedDate) =  Date('2014-04-16')  and c.ID = a.UserProjectID  and b.ProjectID = c.ProjectID 
2014-04-14 23:15:46,696 [12] DEBUG Service  select a.ID,a.Name 'Name' ,b.ProjectName 'ProjectName',PlannedDate,a.ScheduledTime,a.Duration,  a.DurationMessure,a.DurationDisplay,a.Leverage,a.Reason,a.Priority,a.userID  from Task a , Project b , userprojects c  where Date(PlannedDate) =  Date('2014-04-15')  and c.ID = a.UserProjectID  and b.ProjectID = c.ProjectID 
2014-04-14 23:15:46,701 [16] DEBUG Service  select a.ID,a.Name 'Name' ,b.ProjectName 'ProjectName',PlannedDate,a.ScheduledTime,a.Duration,  a.DurationMessure,a.DurationDisplay,a.Leverage,a.Reason,a.Priority,a.userID  from Task a , Project b , userprojects c  where Date(PlannedDate) =  Date('2014-04-15')  and c.ID = a.UserProjectID  and b.ProjectID = c.ProjectID 
2014-04-14 23:15:50,271 [16] DEBUG Service  select a.ID,a.Name 'Name' ,b.ProjectName 'ProjectName',PlannedDate,a.ScheduledTime,a.Duration,  a.DurationMessure,a.DurationDisplay,a.Leverage,a.Reason,a.Priority,a.userID  from Task a , Project b , userprojects c  where Date(PlannedDate) =  Date('2014-04-14')  and c.ID = a.UserProjectID  and b.ProjectID = c.ProjectID 
2014-04-14 23:15:50,356 [12] DEBUG Service  select a.ID,a.Name 'Name' ,b.ProjectName 'ProjectName',PlannedDate,a.ScheduledTime,a.Duration,  a.DurationMessure,a.DurationDisplay,a.Leverage,a.Reason,a.Priority,a.userID  from Task a , Project b , userprojects c  where Date(PlannedDate) =  Date('2014-04-14')  and c.ID = a.UserProjectID  and b.ProjectID = c.ProjectID 
2014-04-14 23:15:51,972 [10] DEBUG Service  select a.ID,a.Name 'Name' ,b.ProjectName 'ProjectName',PlannedDate,a.ScheduledTime,a.Duration,  a.DurationMessure,a.DurationDisplay,a.Leverage,a.Reason,a.Priority,a.userID  from Task a , Project b , userprojects c  where Date(PlannedDate) =  Date('2014-04-15')  and c.ID = a.UserProjectID  and b.ProjectID = c.ProjectID 
2014-04-14 23:15:51,992 [10] DEBUG Service  select a.ID,a.Name 'Name' ,b.ProjectName 'ProjectName',PlannedDate,a.ScheduledTime,a.Duration,  a.DurationMessure,a.DurationDisplay,a.Leverage,a.Reason,a.Priority,a.userID  from Task a , Project b , userprojects c  where Date(PlannedDate) =  Date('2014-04-15')  and c.ID = a.UserProjectID  and b.ProjectID = c.ProjectID 
2014-04-14 23:15:53,467 [14] DEBUG Service  select a.ID,a.Name 'Name' ,b.ProjectName 'ProjectName',PlannedDate,a.ScheduledTime,a.Duration,  a.DurationMessure,a.DurationDisplay,a.Leverage,a.Reason,a.Priority,a.userID  from Task a , Project b , userprojects c  where Date(PlannedDate) =  Date('2014-04-16')  and c.ID = a.UserProjectID  and b.ProjectID = c.ProjectID 
2014-04-14 23:15:53,492 [10] DEBUG Service  select a.ID,a.Name 'Name' ,b.ProjectName 'ProjectName',PlannedDate,a.ScheduledTime,a.Duration,  a.DurationMessure,a.DurationDisplay,a.Leverage,a.Reason,a.Priority,a.userID  from Task a , Project b , userprojects c  where Date(PlannedDate) =  Date('2014-04-16')  and c.ID = a.UserProjectID  and b.ProjectID = c.ProjectID 
2014-04-14 23:15:54,597 [14] DEBUG Service  select a.ID,a.Name 'Name' ,b.ProjectName 'ProjectName',PlannedDate,a.ScheduledTime,a.Duration,  a.DurationMessure,a.DurationDisplay,a.Leverage,a.Reason,a.Priority,a.userID  from Task a , Project b , userprojects c  where Date(PlannedDate) =  Date('2014-04-16')  and c.ID = a.UserProjectID  and b.ProjectID = c.ProjectID 
2014-04-14 23:15:56,158 [10] DEBUG Service  select a.ID,a.Name 'Name' ,b.ProjectName 'ProjectName',PlannedDate,a.ScheduledTime,a.Duration,  a.DurationMessure,a.DurationDisplay,a.Leverage,a.Reason,a.Priority,a.userID  from Task a , Project b , userprojects c  where Date(PlannedDate) =  Date('2014-04-15')  and c.ID = a.UserProjectID  and b.ProjectID = c.ProjectID 
2014-04-14 23:15:58,116 [19] DEBUG Service  select a.ID,a.Name 'Name' ,b.ProjectName 'ProjectName',PlannedDate,a.ScheduledTime,a.Duration,  a.DurationMessure,a.DurationDisplay,a.Leverage,a.Reason,a.Priority,a.userID  from Task a , Project b , userprojects c  where Date(PlannedDate) =  Date('2014-04-15')  and c.ID = a.UserProjectID  and b.ProjectID = c.ProjectID 
2014-04-14 23:15:59,857 [14] DEBUG Service  select a.ID,a.Name 'Name' ,b.ProjectName 'ProjectName',PlannedDate,a.ScheduledTime,a.Duration,  a.DurationMessure,a.DurationDisplay,a.Leverage,a.Reason,a.Priority,a.userID  from Task a , Project b , userprojects c  where Date(PlannedDate) =  Date('2014-04-24')  and c.ID = a.UserProjectID  and b.ProjectID = c.ProjectID 
2014-04-15 08:44:47,425 [3] DEBUG Service  select a.ID,a.Name 'Name' ,b.ProjectName 'ProjectName',PlannedDate,a.ScheduledTime,a.Duration,  a.DurationMessure,a.DurationDisplay,a.Leverage,a.Reason,a.Priority,a.userID  from Task a , Project b , userprojects c  where Date(PlannedDate)= curdate()  and c.ID = a.UserProjectID  and b.ProjectID = c.ProjectID 
2014-04-15 08:44:50,188 [7] DEBUG Service  select a.ID,a.Name 'Name' ,b.ProjectName 'ProjectName',PlannedDate,a.ScheduledTime,a.Duration,  a.DurationMessure,a.DurationDisplay,a.Leverage,a.Reason,a.Priority,a.userID  from Task a , Project b , userprojects c  where Date(PlannedDate) =  Date('2014-04-16')  and c.ID = a.UserProjectID  and b.ProjectID = c.ProjectID 
2014-04-15 08:44:50,189 [8] DEBUG Service  select a.ID,a.Name 'Name' ,b.ProjectName 'ProjectName',PlannedDate,a.ScheduledTime,a.Duration,  a.DurationMessure,a.DurationDisplay,a.Leverage,a.Reason,a.Priority,a.userID  from Task a , Project b , userprojects c  where Date(PlannedDate) =  Date('2014-04-16')  and c.ID = a.UserProjectID  and b.ProjectID = c.ProjectID 
2014-04-15 08:44:51,709 [7] DEBUG Service  select a.ID,a.Name 'Name' ,b.ProjectName 'ProjectName',PlannedDate,a.ScheduledTime,a.Duration,  a.DurationMessure,a.DurationDisplay,a.Leverage,a.Reason,a.Priority,a.userID  from Task a , Project b , userprojects c  where Date(PlannedDate) =  Date('2014-04-17')  and c.ID = a.UserProjectID  and b.ProjectID = c.ProjectID 
2014-04-15 08:44:51,742 [3] DEBUG Service  select a.ID,a.Name 'Name' ,b.ProjectName 'ProjectName',PlannedDate,a.ScheduledTime,a.Duration,  a.DurationMessure,a.DurationDisplay,a.Leverage,a.Reason,a.Priority,a.userID  from Task a , Project b , userprojects c  where Date(PlannedDate) =  Date('2014-04-17')  and c.ID = a.UserProjectID  and b.ProjectID = c.ProjectID 
2014-04-15 08:44:54,178 [6] DEBUG Service  select a.ID,a.Name 'Name' ,b.ProjectName 'ProjectName',PlannedDate,a.ScheduledTime,a.Duration,  a.DurationMessure,a.DurationDisplay,a.Leverage,a.Reason,a.Priority,a.userID  from Task a , Project b , userprojects c  where Date(PlannedDate) =  Date('2014-04-17')  and c.ID = a.UserProjectID  and b.ProjectID = c.ProjectID 
2014-04-15 08:44:55,866 [3] DEBUG Service  select a.ID,a.Name 'Name' ,b.ProjectName 'ProjectName',PlannedDate,a.ScheduledTime,a.Duration,  a.DurationMessure,a.DurationDisplay,a.Leverage,a.Reason,a.Priority,a.userID  from Task a , Project b , userprojects c  where Date(PlannedDate) =  Date('2014-04-24')  and c.ID = a.UserProjectID  and b.ProjectID = c.ProjectID 
2014-04-15 08:47:39,854 [7] DEBUG Service  select a.ID,a.Name 'Name' ,b.ProjectName 'ProjectName',PlannedDate,a.ScheduledTime,a.Duration,  a.DurationMessure,a.DurationDisplay,a.Leverage,a.Reason,a.Priority,a.userID  from Task a , Project b , userprojects c  where Date(PlannedDate)= curdate()  and c.ID = a.UserProjectID  and b.ProjectID = c.ProjectID 
2014-04-15 08:47:39,856 [7] DEBUG Service  select a.ID,a.Name 'Name' ,b.ProjectName 'ProjectName',PlannedDate,a.ScheduledTime,a.Duration,  a.DurationMessure,a.DurationDisplay,a.Leverage,a.Reason,a.Priority,a.userID  from Task a , Project b , userprojects c  where Date(PlannedDate) < curdate()  and c.ID = a.UserProjectID  and b.ProjectID = c.ProjectID 
2014-04-15 08:47:39,859 [7] DEBUG Service  select a.ID,a.Name 'Name' ,b.ProjectName 'ProjectName',PlannedDate,a.ScheduledTime,a.Duration,  a.DurationMessure,a.DurationDisplay,a.Leverage,a.Reason,a.Priority,a.userID  from Task a , Project b , userprojects c  where Date(PlannedDate)  =  curdate() +1 and c.ID = a.UserProjectID  and b.ProjectID = c.ProjectID 
2014-04-15 08:47:39,955 [7] DEBUG Service  select a.ID,a.Name 'Name' ,b.ProjectName 'ProjectName',PlannedDate,a.ScheduledTime,a.Duration,  a.DurationMessure,a.DurationDisplay,a.Leverage,a.Reason,a.Priority,a.userID  from Task a , Project b , userprojects c  where Date(PlannedDate) =  curdate()+2  and c.ID = a.UserProjectID  and b.ProjectID = c.ProjectID 
2014-04-15 08:47:40,017 [7] DEBUG Service  select a.ID,a.Name 'Name' ,b.ProjectName 'ProjectName',PlannedDate,a.ScheduledTime,a.Duration,  a.DurationMessure,a.DurationDisplay,a.Leverage,a.Reason,a.Priority,a.userID  from Task a , Project b , userprojects c  where Date(PlannedDate) =  curdate()+3  and c.ID = a.UserProjectID  and b.ProjectID = c.ProjectID 
2014-04-15 08:47:40,088 [7] DEBUG Service  select a.ID,a.Name 'Name' ,b.ProjectName 'ProjectName',PlannedDate,a.ScheduledTime,a.Duration,  a.DurationMessure,a.DurationDisplay,a.Leverage,a.Reason,a.Priority,a.userID  from Task a , Project b , userprojects c  where Date(PlannedDate) >  curdate()  and ScheduledTime='00:00-00:00' and c.ID = a.UserProjectID  and b.ProjectID = c.ProjectID 
2014-04-15 08:50:59,753 [6] DEBUG Service  select a.ID,a.Name 'Name' ,b.ProjectName 'ProjectName',PlannedDate,a.ScheduledTime,a.Duration,  a.DurationMessure,a.DurationDisplay,a.Leverage,a.Reason,a.Priority,a.userID  from Task a , Project b , userprojects c  where Date(PlannedDate)= curdate()  and c.ID = a.UserProjectID  and b.ProjectID = c.ProjectID 
2014-04-15 08:51:02,442 [9] DEBUG Service  select a.ID,a.Name 'Name' ,b.ProjectName 'ProjectName',PlannedDate,a.ScheduledTime,a.Duration,  a.DurationMessure,a.DurationDisplay,a.Leverage,a.Reason,a.Priority,a.userID  from Task a , Project b , userprojects c  where Date(PlannedDate) =  Date('2014-04-16')  and c.ID = a.UserProjectID  and b.ProjectID = c.ProjectID 
2014-04-15 08:51:02,464 [13] DEBUG Service  select a.ID,a.Name 'Name' ,b.ProjectName 'ProjectName',PlannedDate,a.ScheduledTime,a.Duration,  a.DurationMessure,a.DurationDisplay,a.Leverage,a.Reason,a.Priority,a.userID  from Task a , Project b , userprojects c  where Date(PlannedDate) =  Date('2014-04-16')  and c.ID = a.UserProjectID  and b.ProjectID = c.ProjectID 
2014-04-15 08:51:04,127 [6] DEBUG Service  select a.ID,a.Name 'Name' ,b.ProjectName 'ProjectName',PlannedDate,a.ScheduledTime,a.Duration,  a.DurationMessure,a.DurationDisplay,a.Leverage,a.Reason,a.Priority,a.userID  from Task a , Project b , userprojects c  where Date(PlannedDate) =  Date('2014-04-17')  and c.ID = a.UserProjectID  and b.ProjectID = c.ProjectID 
2014-04-15 08:51:04,168 [6] DEBUG Service  select a.ID,a.Name 'Name' ,b.ProjectName 'ProjectName',PlannedDate,a.ScheduledTime,a.Duration,  a.DurationMessure,a.DurationDisplay,a.Leverage,a.Reason,a.Priority,a.userID  from Task a , Project b , userprojects c  where Date(PlannedDate) =  Date('2014-04-17')  and c.ID = a.UserProjectID  and b.ProjectID = c.ProjectID 
2014-04-15 08:51:08,125 [6] DEBUG Service  select a.ID,a.Name 'Name' ,b.ProjectName 'ProjectName',PlannedDate,a.ScheduledTime,a.Duration,  a.DurationMessure,a.DurationDisplay,a.Leverage,a.Reason,a.Priority,a.userID  from Task a , Project b , userprojects c  where Date(PlannedDate) =  Date('2014-04-16')  and c.ID = a.UserProjectID  and b.ProjectID = c.ProjectID 
2014-04-15 08:51:08,176 [11] DEBUG Service  select a.ID,a.Name 'Name' ,b.ProjectName 'ProjectName',PlannedDate,a.ScheduledTime,a.Duration,  a.DurationMessure,a.DurationDisplay,a.Leverage,a.Reason,a.Priority,a.userID  from Task a , Project b , userprojects c  where Date(PlannedDate) =  Date('2014-04-16')  and c.ID = a.UserProjectID  and b.ProjectID = c.ProjectID 
2014-04-15 08:51:09,724 [6] DEBUG Service  select a.ID,a.Name 'Name' ,b.ProjectName 'ProjectName',PlannedDate,a.ScheduledTime,a.Duration,  a.DurationMessure,a.DurationDisplay,a.Leverage,a.Reason,a.Priority,a.userID  from Task a , Project b , userprojects c  where Date(PlannedDate)= curdate()  and c.ID = a.UserProjectID  and b.ProjectID = c.ProjectID 
2014-04-15 08:51:09,727 [6] DEBUG Service  select a.ID,a.Name 'Name' ,b.ProjectName 'ProjectName',PlannedDate,a.ScheduledTime,a.Duration,  a.DurationMessure,a.DurationDisplay,a.Leverage,a.Reason,a.Priority,a.userID  from Task a , Project b , userprojects c  where Date(PlannedDate) < curdate()  and c.ID = a.UserProjectID  and b.ProjectID = c.ProjectID 
2014-04-15 08:51:09,886 [6] DEBUG Service  select a.ID,a.Name 'Name' ,b.ProjectName 'ProjectName',PlannedDate,a.ScheduledTime,a.Duration,  a.DurationMessure,a.DurationDisplay,a.Leverage,a.Reason,a.Priority,a.userID  from Task a , Project b , userprojects c  where Date(PlannedDate)  =  curdate() +1 and c.ID = a.UserProjectID  and b.ProjectID = c.ProjectID 
2014-04-15 08:51:10,006 [6] DEBUG Service  select a.ID,a.Name 'Name' ,b.ProjectName 'ProjectName',PlannedDate,a.ScheduledTime,a.Duration,  a.DurationMessure,a.DurationDisplay,a.Leverage,a.Reason,a.Priority,a.userID  from Task a , Project b , userprojects c  where Date(PlannedDate) =  curdate()+2  and c.ID = a.UserProjectID  and b.ProjectID = c.ProjectID 
2014-04-15 08:51:10,106 [6] DEBUG Service  select a.ID,a.Name 'Name' ,b.ProjectName 'ProjectName',PlannedDate,a.ScheduledTime,a.Duration,  a.DurationMessure,a.DurationDisplay,a.Leverage,a.Reason,a.Priority,a.userID  from Task a , Project b , userprojects c  where Date(PlannedDate) =  curdate()+3  and c.ID = a.UserProjectID  and b.ProjectID = c.ProjectID 
2014-04-15 08:51:10,193 [6] DEBUG Service  select a.ID,a.Name 'Name' ,b.ProjectName 'ProjectName',PlannedDate,a.ScheduledTime,a.Duration,  a.DurationMessure,a.DurationDisplay,a.Leverage,a.Reason,a.Priority,a.userID  from Task a , Project b , userprojects c  where Date(PlannedDate) >  curdate()  and ScheduledTime='00:00-00:00' and c.ID = a.UserProjectID  and b.ProjectID = c.ProjectID 
2014-04-15 08:52:21,980 [12] DEBUG Service  select a.ID,a.Name 'Name' ,b.ProjectName 'ProjectName',PlannedDate,a.ScheduledTime,a.Duration,  a.DurationMessure,a.DurationDisplay,a.Leverage,a.Reason,a.Priority,a.userID  from Task a , Project b , userprojects c  where Date(PlannedDate)= curdate()  and c.ID = a.UserProjectID  and b.ProjectID = c.ProjectID 
